INFO    : Since no target was supplied, we will use "course".

INFO    : Building target course
INFO    : XSL conversion of /workspaces/Survey-of-Math/source/main.ptx by /home/codespace/.ptx/2.38.3/core/xsl/utilities/pretext-enhanced-source.xsl
INFO    : successful application of /home/codespace/.ptx/2.38.3/core/xsl/utilities/pretext-enhanced-source.xsl
INFO    : Generating any needed assets.
INFO    : downloading MyOpenMath static problems from /workspaces/Survey-of-Math/source/main.ptx for placement in /workspaces/Survey-of-Math/generated-assets/problems
INFO    : XSL conversion of /workspaces/Survey-of-Math/source/main.ptx by /home/codespace/.ptx/2.38.3/core/xsl/extract-mom.xsl
INFO    : successful application of /home/codespace/.ptx/2.38.3/core/xsl/extract-mom.xsl
INFO    : downloading MOM #1410996 to /workspaces/Survey-of-Math/generated-assets/problems/mom-1410996.xml...
INFO    : downloading MOM #1410999 to /workspaces/Survey-of-Math/generated-assets/problems/mom-1410999.xml...
INFO    : downloading MOM #1411004 to /workspaces/Survey-of-Math/generated-assets/problems/mom-1411004.xml...
INFO    : downloading MOM #1411007 to /workspaces/Survey-of-Math/generated-assets/problems/mom-1411007.xml...
INFO    : downloading MOM #1411010 to /workspaces/Survey-of-Math/generated-assets/problems/mom-1411010.xml...
INFO    : downloading MOM #1411014 to /workspaces/Survey-of-Math/generated-assets/problems/mom-1411014.xml...
INFO    : downloading MOM #1411035 to /workspaces/Survey-of-Math/generated-assets/problems/mom-1411035.xml...
INFO    : MyOpenMath static problem download complete
INFO    : Removing temporary directory /tmp/ptx-pjzj_his
INFO    : Finished generating assets.

WARNING : Now generating QR codes
WARNING : You are trying to generate qrcodes, but the publication file does not have a base URL. This will result in qrcodes that do not point to anything meaningful.
INFO    : XSL conversion of /workspaces/Survey-of-Math/source/main.ptx by /home/codespace/.ptx/2.38.3/core/xsl/utilities/report-publisher-variables.xsl
INFO    : successful application of /home/codespace/.ptx/2.38.3/core/xsl/utilities/report-publisher-variables.xsl
INFO    : discovering source file's directory name: /workspaces/Survey-of-Math/source
INFO    : verifying and expanding input directory: /workspaces/Survey-of-Math/source/../generated-assets
INFO    : input directory expanded to absolute path: /workspaces/Survey-of-Math/generated-assets
INFO    : verifying and expanding input directory: /workspaces/Survey-of-Math/source/../assets
INFO    : input directory expanded to absolute path: /workspaces/Survey-of-Math/assets
INFO    : manufacturing QR codes from /workspaces/Survey-of-Math/source/main.ptx for placement in /workspaces/Survey-of-Math/generated-assets/qrcode
INFO    : XSL conversion of /workspaces/Survey-of-Math/source/main.ptx by /home/codespace/.ptx/2.38.3/core/xsl/extract-qrcode.xsl
INFO    : successful application of /home/codespace/.ptx/2.38.3/core/xsl/extract-qrcode.xsl
INFO    : creating URL with content "unit01-Elimination-6-2-2.html" as /workspaces/Survey-of-Math/generated-assets/qrcode/unit01-Elimination-6-2-2.png...
INFO    : QR code creation complete
WARNING : Now generating latex images
INFO    : converting latex-image pictures from /workspaces/Survey-of-Math/source/main.ptx to svg graphics for placement in /workspaces/Survey-of-Math/generated-assets/latex-image
INFO    : extracting latex-image pictures from /workspaces/Survey-of-Math/source/main.ptx
INFO    : string parameters passed to extraction stylesheet: {'cli.version': '2.38', 'publisher': '/workspaces/Survey-of-Math/publication/publication.ptx'}
INFO    : XSL conversion of /workspaces/Survey-of-Math/source/main.ptx by /home/codespace/.ptx/2.38.3/core/xsl/extract-latex-image.xsl
INFO    : successful application of /home/codespace/.ptx/2.38.3/core/xsl/extract-latex-image.xsl
WARNING : PTX:ERROR: cannot locate executable with configuration name `LatexEngine.XELATEX` as command `xelatex`
***  Edit the configuration file  ("pretext.cfg" or "project.ptx") and/or install  ***
***  the necessary program and/or make sure the executable is on your PATH         ***
ERROR   : Unable to generate some latex-image assets:
 LaTeX compilation failed for 2 "latex-image"(s).
Review the log for error messages, and LaTeX transcripts.
Images are:
  img-tree-coin-die.tex
  fig-coin-toss-tree-clean-2.tex
INFO    : Removing temporary directory /tmp/ptx-57zprps1
INFO    : Removing temporary directory /tmp/ptx-1ztd50js
INFO    : Preparing to build into /workspaces/Survey-of-Math/output/course.
INFO    : Downloading rs services file from https://runestone.academy/cdn/runestone/latest/webpack_static_imports.xml.
INFO    : Runestone Services via online CDN query: version 7.13.5
INFO    : Downloading Runestone Services, version 7.13.5
INFO    : Extracting Runestone Services from archive file
INFO    : Building custom css theme: theme-denver
INFO    : converting /workspaces/Survey-of-Math/source/main.ptx to HTML in /tmp/ptx-50lyb2l3
INFO    : XSL conversion of /workspaces/Survey-of-Math/source/main.ptx by /home/codespace/.ptx/2.38.3/core/xsl/pretext-html.xsl
INFO    : messages from the log for XSL processing:
INFO    : * PTX:INFO:   checking all deprecated elements.
WARNING : * PTX:DEPRECATE: (2022-04-25) a "@label" attribute (on a "ul" or "ol" element) has been deprecated and should be replaced by the functionally equivalent "@marker".  We will attempt to honor your request (6 times)
INFO    : *              located within: "math-club-election" (xml:id), "Math Club Presidential Election" (title)
INFO    : *              located within: "ex-hmo" (xml:id), "Apportioning 40 HMO Doctors" (title)
INFO    : *              located within: "ex-math-courses" (xml:id), "Apportioning Math Course Sections" (title)
INFO    : * --------------
ERROR   : * PTX:ERROR:   An object (exercise) lacks a structure number, search output for "[STRUCT]"
INFO    : *              located within: "Understanding Preference Ballots and Preference Tables 01" (title)
ERROR   : * PTX:ERROR:   An object (exercise) lacks a structure number, search output for "[STRUCT]"
ERROR   : * PTX:ERROR:   An object (exercise) lacks a structure number, search output for "[STRUCT]"
INFO    : *              located within: "Understanding Preference Ballots and Preference Tables 02" (title)
ERROR   : * PTX:ERROR:   An object (exercise) lacks a structure number, search output for "[STRUCT]"
ERROR   : * PTX:ERROR:   An object (exercise) lacks a structure number, search output for "[STRUCT]"
INFO    : *              located within: "Plurality Method" (title)
ERROR   : * PTX:ERROR:   An object (exercise) lacks a structure number, search output for "[STRUCT]"
ERROR   : * PTX:ERROR:   An object (exercise) lacks a structure number, search output for "[STRUCT]"
INFO    : *              located within: "Plurality with Elimination Method" (title)
ERROR   : * PTX:ERROR:   An object (exercise) lacks a structure number, search output for "[STRUCT]"
ERROR   : * PTX:ERROR:   An object (exercise) lacks a structure number, search output for "[STRUCT]"
INFO    : *              located within: "Borda Count Method" (title)
ERROR   : * PTX:ERROR:   An object (exercise) lacks a structure number, search output for "[STRUCT]"
ERROR   : * PTX:ERROR:   An object (exercise) lacks a structure number, search output for "[STRUCT]"
INFO    : *              located within: "Pairwise Comparisons" (title)
ERROR   : * PTX:ERROR:   An object (exercise) lacks a structure number, search output for "[STRUCT]"
ERROR   : * PTX:ERROR:   An object (exercise) lacks a structure number, search output for "[STRUCT]"
INFO    : *              located within: "Voting Methods: Wrapping Up!" (title)
ERROR   : * PTX:ERROR:   An object (exercise) lacks a structure number, search output for "[STRUCT]"
INFO    : successful application of /home/codespace/.ptx/2.38.3/core/xsl/pretext-html.xsl
INFO    : Removing temporary directory /tmp/ptx-50lyb2l3
INFO    : Removing temporary directory /tmp/ptx-1ji_ypd9
INFO    : 
Finished build for target course. Run `pretext view course` to see the results.

CRITICAL: There were errors during the build.  See above.
INFO    : ------------------------
CRITICAL: Failed to build without errors.  Exiting...
INFO    : 
----------------------------------------------------
INFO    : While running pretext, the following errors occurred:

INFO    : (see log messages above or in the 'logs' folder for more information)
INFO    : ----------------------------------------------------
