INFO    : Since no target was supplied, we will use "course".

INFO    : Building target course
INFO    : XSL conversion of /workspaces/Survey-of-Math/source/main.ptx by /home/codespace/.ptx/2.38.3/core/xsl/utilities/pretext-enhanced-source.xsl
INFO    : successful application of /home/codespace/.ptx/2.38.3/core/xsl/utilities/pretext-enhanced-source.xsl
INFO    : Generating any needed assets.
WARNING : Now generating latex images
INFO    : converting latex-image pictures from /workspaces/Survey-of-Math/source/main.ptx to svg graphics for placement in /workspaces/Survey-of-Math/generated-assets/latex-image
INFO    : extracting latex-image pictures from /workspaces/Survey-of-Math/source/main.ptx
INFO    : string parameters passed to extraction stylesheet: {'cli.version': '2.38', 'publisher': '/workspaces/Survey-of-Math/publication/publication.ptx'}
INFO    : discovering source file's directory name: /workspaces/Survey-of-Math/source
INFO    : verifying and expanding input directory: /workspaces/Survey-of-Math/source/../generated-assets
INFO    : input directory expanded to absolute path: /workspaces/Survey-of-Math/generated-assets
INFO    : verifying and expanding input directory: /workspaces/Survey-of-Math/source/../assets
INFO    : input directory expanded to absolute path: /workspaces/Survey-of-Math/assets
INFO    : XSL conversion of /workspaces/Survey-of-Math/source/main.ptx by /home/codespace/.ptx/2.38.3/core/xsl/extract-latex-image.xsl
INFO    : successful application of /home/codespace/.ptx/2.38.3/core/xsl/extract-latex-image.xsl
INFO    : converting img-tree-coin-die.tex to img-tree-coin-die.pdf
INFO    : cropping img-tree-coin-die.pdf to cropped-img-tree-coin-die.pdf
INFO    : renaming cropped-img-tree-coin-die.pdf to img-tree-coin-die.pdf
INFO    : converting img-tree-coin-die.pdf to img-tree-coin-die.svg
INFO    : converting fig-coin-toss-tree-clean-2.tex to fig-coin-toss-tree-clean-2.pdf
INFO    : cropping fig-coin-toss-tree-clean-2.pdf to cropped-fig-coin-toss-tree-clean-2.pdf
INFO    : renaming cropped-fig-coin-toss-tree-clean-2.pdf to fig-coin-toss-tree-clean-2.pdf
INFO    : converting fig-coin-toss-tree-clean-2.pdf to fig-coin-toss-tree-clean-2.svg
INFO    : Removing temporary directory /tmp/ptx-i087ziy3
INFO    : Finished generating assets.

INFO    : Preparing to build into /workspaces/Survey-of-Math/output/course.
INFO    : XSL conversion of /workspaces/Survey-of-Math/source/main.ptx by /home/codespace/.ptx/2.38.3/core/xsl/utilities/report-publisher-variables.xsl
INFO    : successful application of /home/codespace/.ptx/2.38.3/core/xsl/utilities/report-publisher-variables.xsl
INFO    : Downloading rs services file from https://runestone.academy/cdn/runestone/latest/webpack_static_imports.xml.
INFO    : Runestone Services via online CDN query: version 7.13.5
INFO    : Downloading Runestone Services, version 7.13.5
INFO    : Extracting Runestone Services from archive file
INFO    : Building custom css theme: theme-denver
INFO    : converting /workspaces/Survey-of-Math/source/main.ptx to HTML in /tmp/ptx-t_5hh6ud
INFO    : XSL conversion of /workspaces/Survey-of-Math/source/main.ptx by /home/codespace/.ptx/2.38.3/core/xsl/pretext-html.xsl
INFO    : messages from the log for XSL processing:
INFO    : * PTX:INFO:   checking all deprecated elements.
WARNING : * PTX:DEPRECATE: (2022-04-25) a "@label" attribute (on a "ul" or "ol" element) has been deprecated and should be replaced by the functionally equivalent "@marker".  We will attempt to honor your request (6 times)
INFO    : *              located within: "math-club-election" (xml:id), "Math Club Presidential Election" (title)
INFO    : *              located within: "ex-hmo" (xml:id), "Apportioning 40 HMO Doctors" (title)
INFO    : *              located within: "ex-math-courses" (xml:id), "Apportioning Math Course Sections" (title)
INFO    : * --------------
INFO    : successful application of /home/codespace/.ptx/2.38.3/core/xsl/pretext-html.xsl
INFO    : Removing temporary directory /tmp/ptx-t_5hh6ud
INFO    : Removing temporary directory /tmp/ptx-ualr9hga
INFO    : 
Finished build for target course. Run `pretext view course` to see the results.

INFO    : 
Success!  Built requested target(s) without errors.

INFO    : 
