INFO    : Since no target was supplied, we will use "course".

INFO    : Building target course
INFO    : XSL conversion of /workspaces/Survey-of-Math/source/main.ptx by /home/codespace/.ptx/2.38.3/core/xsl/utilities/pretext-enhanced-source.xsl
INFO    : successful application of /home/codespace/.ptx/2.38.3/core/xsl/utilities/pretext-enhanced-source.xsl
INFO    : Generating any needed assets.
WARNING : Now generating latex images
INFO    : converting latex-image pictures from /workspaces/Survey-of-Math/source/main.ptx to svg graphics for placement in /workspaces/Survey-of-Math/generated-assets/latex-image
INFO    : extracting latex-image pictures from /workspaces/Survey-of-Math/source/main.ptx
INFO    : string parameters passed to extraction stylesheet: {'cli.version': '2.38', 'publisher': '/workspaces/Survey-of-Math/publication/publication.ptx'}
INFO    : discovering source file's directory name: /workspaces/Survey-of-Math/source
INFO    : verifying and expanding input directory: /workspaces/Survey-of-Math/source/../generated-assets
INFO    : input directory expanded to absolute path: /workspaces/Survey-of-Math/generated-assets
INFO    : verifying and expanding input directory: /workspaces/Survey-of-Math/source/../assets
INFO    : input directory expanded to absolute path: /workspaces/Survey-of-Math/assets
INFO    : XSL conversion of /workspaces/Survey-of-Math/source/main.ptx by /home/codespace/.ptx/2.38.3/core/xsl/extract-latex-image.xsl
INFO    : successful application of /home/codespace/.ptx/2.38.3/core/xsl/extract-latex-image.xsl
WARNING : PTX:ERROR: cannot locate executable with configuration name `LatexEngine.XELATEX` as command `xelatex`
***  Edit the configuration file  ("pretext.cfg" or "project.ptx") and/or install  ***
***  the necessary program and/or make sure the executable is on your PATH         ***
ERROR   : Unable to generate some latex-image assets:
 LaTeX compilation failed for 2 "latex-image"(s).
Review the log for error messages, and LaTeX transcripts.
Images are:
  img-tree-coin-die.tex
  fig-coin-toss-tree-clean-2.tex
INFO    : Removing temporary directory /tmp/ptx-896nl0h4
INFO    : Finished generating assets.

INFO    : Preparing to build into /workspaces/Survey-of-Math/output/course.
INFO    : XSL conversion of /workspaces/Survey-of-Math/source/main.ptx by /home/codespace/.ptx/2.38.3/core/xsl/utilities/report-publisher-variables.xsl
INFO    : successful application of /home/codespace/.ptx/2.38.3/core/xsl/utilities/report-publisher-variables.xsl
INFO    : Downloading rs services file from https://runestone.academy/cdn/runestone/latest/webpack_static_imports.xml.
INFO    : Runestone Services via online CDN query: version 7.13.5
INFO    : Downloading Runestone Services, version 7.13.5
INFO    : Extracting Runestone Services from archive file
INFO    : Building custom css theme: theme-denver
INFO    : converting /workspaces/Survey-of-Math/source/main.ptx to HTML in /tmp/ptx-a1kgwigc
INFO    : XSL conversion of /workspaces/Survey-of-Math/source/main.ptx by /home/codespace/.ptx/2.38.3/core/xsl/pretext-html.xsl
INFO    : messages from the log for XSL processing:
INFO    : * PTX:INFO:   checking all deprecated elements.
WARNING : * PTX:DEPRECATE: (2022-04-25) a "@label" attribute (on a "ul" or "ol" element) has been deprecated and should be replaced by the functionally equivalent "@marker".  We will attempt to honor your request (6 times)
INFO    : *              located within: "math-club-election" (xml:id), "Math Club Presidential Election" (title)
INFO    : *              located within: "ex-hmo" (xml:id), "Apportioning 40 HMO Doctors" (title)
INFO    : *              located within: "ex-math-courses" (xml:id), "Apportioning Math Course Sections" (title)
INFO    : * --------------
INFO    : successful application of /home/codespace/.ptx/2.38.3/core/xsl/pretext-html.xsl
INFO    : Removing temporary directory /tmp/ptx-a1kgwigc
INFO    : Removing temporary directory /tmp/ptx-425zi756
INFO    : 
Finished build for target course. Run `pretext view course` to see the results.

CRITICAL: There were errors during the build.  See above.
INFO    : ------------------------
CRITICAL: Failed to build without errors.  Exiting...
INFO    : 
----------------------------------------------------
INFO    : While running pretext, the following errors occurred:

INFO    : (see log messages above or in the 'logs' folder for more information)
INFO    : ----------------------------------------------------
